Started GET "/" for 127.0.0.1 at 2017-08-19 13:42:14 -0300
Processing by Rails::WelcomeController#index as HTML
  Parameters: {"internal"=>true}
  Rendering /var/lib/gems/2.3.0/gems/railties-5.0.5/lib/rails/templates/rails/welcome/index.html.erb
  Rendered /var/lib/gems/2.3.0/gems/railties-5.0.5/lib/rails/templates/rails/welcome/index.html.erb (9.4ms)
Completed 200 OK in 47ms (Views: 20.0ms | ActiveRecord: 0.0ms)


Started GET "/" for 127.0.0.1 at 2017-08-19 14:02:57 -0300
Processing by Rails::WelcomeController#index as HTML
  Parameters: {"internal"=>true}
  Rendering /var/lib/gems/2.3.0/gems/railties-5.0.5/lib/rails/templates/rails/welcome/index.html.erb
  Rendered /var/lib/gems/2.3.0/gems/railties-5.0.5/lib/rails/templates/rails/welcome/index.html.erb (7.5ms)
Completed 200 OK in 14ms (Views: 11.1ms | ActiveRecord: 0.0ms)


  [1m[35m (1603.5ms)[0m  [1m[35mCREATE TABLE "schema_migrations" ("version" varchar NOT NULL PRIMARY KEY)[0m
  [1m[35m (75.1ms)[0m  [1m[35mCREATE TABLE "ar_internal_metadata" ("key" varchar NOT NULL PRIMARY KEY, "value" varchar, "created_at" datetime NOT NULL, "updated_at" datetime NOT NULL)[0m
  [1m[36mActiveRecord::SchemaMigration Load (0.4ms)[0m  [1m[34mSELECT "schema_migrations".* FROM "schema_migrations"[0m
Migrating to CreateProduct (20170819170649)
  [1m[35m (0.2ms)[0m  [1m[36mbegin transaction[0m
  [1m[35m (3.2ms)[0m  [1m[35mCREATE TABLE "products" ("id" INTEGER PRIMARY KEY AUTOINCREMENT NOT NULL, "name" varchar, "quantity" integer, "cost_price" float, "sell_price" float, "status" boolean, "created_at" datetime NOT NULL, "updated_at" datetime NOT NULL)[0m
  [1m[35mSQL (0.4ms)[0m  [1m[32mINSERT INTO "schema_migrations" ("version") VALUES (?)[0m  [["version", "20170819170649"]]
  [1m[35m (76.9ms)[0m  [1m[36mcommit transaction[0m
  [1m[36mActiveRecord::InternalMetadata Load (0.8ms)[0m  [1m[34mSELECT  "ar_internal_metadata".* FROM "ar_internal_metadata" WHERE "ar_internal_metadata"."key" = ? LIMIT ?[0m  [["key", "environment"], ["LIMIT", 1]]
  [1m[35m (0.2ms)[0m  [1m[36mbegin transaction[0m
  [1m[35mSQL (0.6ms)[0m  [1m[32mINSERT INTO "ar_internal_metadata" ("key", "value", "created_at", "updated_at") VALUES (?, ?, ?, ?)[0m  [["key", "environment"], ["value", "development"], ["created_at", "2017-08-19 17:16:55.185437"], ["updated_at", "2017-08-19 17:16:55.185437"]]
  [1m[35m (56.5ms)[0m  [1m[36mcommit transaction[0m
  [1m[36mActiveRecord::SchemaMigration Load (0.3ms)[0m  [1m[34mSELECT "schema_migrations".* FROM "schema_migrations"[0m
Started GET "/" for 127.0.0.1 at 2017-08-19 14:40:16 -0300
  [1m[36mActiveRecord::SchemaMigration Load (0.3ms)[0m  [1m[34mSELECT "schema_migrations".* FROM "schema_migrations"[0m
Processing by Rails::WelcomeController#index as HTML
  Parameters: {"internal"=>true}
  Rendering /var/lib/gems/2.3.0/gems/railties-5.0.5/lib/rails/templates/rails/welcome/index.html.erb
  Rendered /var/lib/gems/2.3.0/gems/railties-5.0.5/lib/rails/templates/rails/welcome/index.html.erb (8.2ms)
Completed 200 OK in 14ms (Views: 11.0ms | ActiveRecord: 0.0ms)


Started GET "/index" for 127.0.0.1 at 2017-08-19 14:40:26 -0300
  
ActionController::RoutingError (No route matches [GET] "/index"):
  
actionpack (5.0.5) lib/action_dispatch/middleware/debug_exceptions.rb:53:in `call'
web-console (3.5.1) lib/web_console/middleware.rb:135:in `call_app'
web-console (3.5.1) lib/web_console/middleware.rb:28:in `block in call'
web-console (3.5.1) lib/web_console/middleware.rb:18:in `catch'
web-console (3.5.1) lib/web_console/middleware.rb:18:in `call'
actionpack (5.0.5) lib/action_dispatch/middleware/show_exceptions.rb:31:in `call'
railties (5.0.5) lib/rails/rack/logger.rb:36:in `call_app'
railties (5.0.5) lib/rails/rack/logger.rb:24:in `block in call'
activesupport (5.0.5) lib/active_support/tagged_logging.rb:69:in `block in tagged'
activesupport (5.0.5) lib/active_support/tagged_logging.rb:26:in `tagged'
activesupport (5.0.5) lib/active_support/tagged_logging.rb:69:in `tagged'
railties (5.0.5) lib/rails/rack/logger.rb:24:in `call'
sprockets-rails (3.2.0) lib/sprockets/rails/quiet_assets.rb:13:in `call'
actionpack (5.0.5) lib/action_dispatch/middleware/request_id.rb:24:in `call'
rack (2.0.3) lib/rack/method_override.rb:22:in `call'
rack (2.0.3) lib/rack/runtime.rb:22:in `call'
activesupport (5.0.5) lib/active_support/cache/strategy/local_cache_middleware.rb:28:in `call'
actionpack (5.0.5) lib/action_dispatch/middleware/executor.rb:12:in `call'
actionpack (5.0.5) lib/action_dispatch/middleware/static.rb:136:in `call'
rack (2.0.3) lib/rack/sendfile.rb:111:in `call'
railties (5.0.5) lib/rails/engine.rb:522:in `call'
puma (3.10.0) lib/puma/configuration.rb:225:in `call'
puma (3.10.0) lib/puma/server.rb:605:in `handle_request'
puma (3.10.0) lib/puma/server.rb:437:in `process_client'
puma (3.10.0) lib/puma/server.rb:301:in `block in run'
puma (3.10.0) lib/puma/thread_pool.rb:120:in `block in spawn_thread'
  Rendering /var/lib/gems/2.3.0/gems/actionpack-5.0.5/lib/action_dispatch/middleware/templates/rescues/routing_error.html.erb within rescues/layout
  Rendering /var/lib/gems/2.3.0/gems/actionpack-5.0.5/lib/action_dispatch/middleware/templates/rescues/_trace.html.erb
  Rendered /var/lib/gems/2.3.0/gems/actionpack-5.0.5/lib/action_dispatch/middleware/templates/rescues/_trace.html.erb (3.8ms)
  Rendered collection of /var/lib/gems/2.3.0/gems/actionpack-5.0.5/lib/action_dispatch/middleware/templates/routes/_route.html.erb [8 times] (10.9ms)
  Rendered /var/lib/gems/2.3.0/gems/actionpack-5.0.5/lib/action_dispatch/middleware/templates/routes/_table.html.erb (19.5ms)
  Rendering /var/lib/gems/2.3.0/gems/actionpack-5.0.5/lib/action_dispatch/middleware/templates/rescues/_request_and_response.html.erb
  Rendered /var/lib/gems/2.3.0/gems/actionpack-5.0.5/lib/action_dispatch/middleware/templates/rescues/_request_and_response.html.erb (3.0ms)
  Rendered /var/lib/gems/2.3.0/gems/actionpack-5.0.5/lib/action_dispatch/middleware/templates/rescues/routing_error.html.erb within rescues/layout (100.8ms)
Started GET "/products" for 127.0.0.1 at 2017-08-19 14:41:36 -0300
Processing by ProductsController#index as HTML
  Rendering products/index.html.erb within layouts/application
  [1m[36mProduct Load (0.4ms)[0m  [1m[34mSELECT "products".* FROM "products"[0m
  Rendered products/index.html.erb within layouts/application (8.3ms)
Completed 200 OK in 1302ms (Views: 1289.6ms | ActiveRecord: 1.3ms)


Started GET "/products/new" for 127.0.0.1 at 2017-08-19 14:42:06 -0300
Processing by ProductsController#new as HTML
  Rendering products/new.html.erb within layouts/application
  Rendered products/_form.html.erb (46.8ms)
  Rendered products/new.html.erb within layouts/application (52.2ms)
Completed 200 OK in 3136ms (Views: 3095.3ms | ActiveRecord: 1.7ms)


Started GET "/products/" for 127.0.0.1 at 2017-08-19 14:43:57 -0300
Processing by ProductsController#index as HTML
  Rendering products/index.html.erb within layouts/application
  [1m[36mProduct Load (1.9ms)[0m  [1m[34mSELECT "products".* FROM "products"[0m
  Rendered products/index.html.erb within layouts/application (10.4ms)
Completed 200 OK in 114ms (Views: 109.7ms | ActiveRecord: 1.9ms)


Started GET "/products/new" for 127.0.0.1 at 2017-08-19 14:44:47 -0300
Processing by ProductsController#new as HTML
  Rendering products/new.html.erb within layouts/application
  Rendered products/_form.html.erb (7.5ms)
  Rendered products/new.html.erb within layouts/application (10.9ms)
Completed 200 OK in 102ms (Views: 99.2ms | ActiveRecord: 0.0ms)


Started POST "/products" for 127.0.0.1 at 2017-08-19 14:44:50 -0300
Processing by ProductsController#create as HTML
  Parameters: {"utf8"=>"✓", "authenticity_token"=>"GyxM6XFSkohBexIN8C4YF5bbN3o/ZBaBm7qmgPu+14Pxozx91h7vSyzkgH6rqq4/8HWx/kRbLv2rj7h0fBnd8g==", "commit"=>"Create Product"}
  [1m[35m (0.9ms)[0m  [1m[36mbegin transaction[0m
  [1m[35mSQL (2114.7ms)[0m  [1m[32mINSERT INTO "products" ("created_at", "updated_at") VALUES (?, ?)[0m  [["created_at", "2017-08-19 17:44:50.774516"], ["updated_at", "2017-08-19 17:44:50.774516"]]
  [1m[35m (2370.3ms)[0m  [1m[36mcommit transaction[0m
Redirected to http://localhost:3000/products/1
Completed 302 Found in 6791ms (ActiveRecord: 4485.9ms)


Started GET "/products/1" for 127.0.0.1 at 2017-08-19 14:44:57 -0300
Processing by ProductsController#show as HTML
  Parameters: {"id"=>"1"}
  [1m[36mProduct Load (0.6ms)[0m  [1m[34mSELECT  "products".* FROM "products" WHERE "products"."id" = ? LIMIT ?[0m  [["id", 1], ["LIMIT", 1]]
  Rendering products/show.html.erb within layouts/application
  Rendered products/show.html.erb within layouts/application (2.0ms)
Completed 200 OK in 65ms (Views: 53.6ms | ActiveRecord: 0.6ms)


Started GET "/products" for 127.0.0.1 at 2017-08-19 14:45:01 -0300
Processing by ProductsController#index as HTML
  Rendering products/index.html.erb within layouts/application
  [1m[36mProduct Load (0.4ms)[0m  [1m[34mSELECT "products".* FROM "products"[0m
  Rendered products/index.html.erb within layouts/application (6.0ms)
Completed 200 OK in 69ms (Views: 66.3ms | ActiveRecord: 0.4ms)


Started GET "/products/new" for 127.0.0.1 at 2017-08-19 14:45:51 -0300
Processing by ProductsController#new as HTML
  Rendering products/new.html.erb within layouts/application
  Rendered products/_form.html.erb (3.9ms)
  Rendered products/new.html.erb within layouts/application (6.6ms)
Completed 200 OK in 62ms (Views: 59.0ms | ActiveRecord: 0.0ms)


Started POST "/products" for 127.0.0.1 at 2017-08-19 14:46:38 -0300
Processing by ProductsController#create as HTML
  Parameters: {"utf8"=>"✓", "authenticity_token"=>"Fxp+zRlVg3GNAen2E4jZnkbhyGS3IHHXENsyONsyR2H9lQ5Zvhn+suCee4VIDG+2IE9O4MwfSasg7izMXJVNEA==", "commit"=>"Create Product"}
  [1m[35m (1.0ms)[0m  [1m[36mbegin transaction[0m
  [1m[35mSQL (1.3ms)[0m  [1m[32mINSERT INTO "products" ("created_at", "updated_at") VALUES (?, ?)[0m  [["created_at", "2017-08-19 17:46:38.485706"], ["updated_at", "2017-08-19 17:46:38.485706"]]
  [1m[35m (818.9ms)[0m  [1m[36mcommit transaction[0m
Redirected to http://localhost:3000/products/2
Completed 302 Found in 829ms (ActiveRecord: 821.2ms)


Started GET "/products/2" for 127.0.0.1 at 2017-08-19 14:46:39 -0300
Processing by ProductsController#show as HTML
  Parameters: {"id"=>"2"}
  [1m[36mProduct Load (0.4ms)[0m  [1m[34mSELECT  "products".* FROM "products" WHERE "products"."id" = ? LIMIT ?[0m  [["id", 2], ["LIMIT", 1]]
  Rendering products/show.html.erb within layouts/application
  Rendered products/show.html.erb within layouts/application (1.7ms)
Completed 200 OK in 58ms (Views: 51.3ms | ActiveRecord: 0.4ms)


Started GET "/products" for 127.0.0.1 at 2017-08-19 14:46:42 -0300
Processing by ProductsController#index as HTML
  Rendering products/index.html.erb within layouts/application
  [1m[36mProduct Load (0.4ms)[0m  [1m[34mSELECT "products".* FROM "products"[0m
  Rendered products/index.html.erb within layouts/application (5.5ms)
Completed 200 OK in 63ms (Views: 60.4ms | ActiveRecord: 0.4ms)


Started DELETE "/products/2" for 127.0.0.1 at 2017-08-19 14:46:49 -0300
Processing by ProductsController#destroy as HTML
  Parameters: {"authenticity_token"=>"ECkMDk1griGNhnlRztLVQYO/n/ez+RecoyQ82a9PsnNdN4fPVLQvLF9dqWGOr18HSx7Y11SpW9lnki+A6mwHuA==", "id"=>"2"}
  [1m[36mProduct Load (0.4ms)[0m  [1m[34mSELECT  "products".* FROM "products" WHERE "products"."id" = ? LIMIT ?[0m  [["id", 2], ["LIMIT", 1]]
  [1m[35m (0.2ms)[0m  [1m[36mbegin transaction[0m
  [1m[35mSQL (5279.6ms)[0m  [1m[31mDELETE FROM "products" WHERE "products"."id" = ?[0m  [["id", 2]]
  [1m[35m (2446.0ms)[0m  [1m[36mcommit transaction[0m
Started DELETE "/products/1" for 127.0.0.1 at 2017-08-19 14:47:00 -0300
Redirected to http://localhost:3000/products
Processing by ProductsController#destroy as HTML
Completed 302 Found in 7737ms (ActiveRecord: 7726.2ms)


  Parameters: {"authenticity_token"=>"ECkMDk1griGNhnlRztLVQYO/n/ez+RecoyQ82a9PsnNdN4fPVLQvLF9dqWGOr18HSx7Y11SpW9lnki+A6mwHuA==", "id"=>"1"}
  [1m[36mProduct Load (0.5ms)[0m  [1m[34mSELECT  "products".* FROM "products" WHERE "products"."id" = ? LIMIT ?[0m  [["id", 1], ["LIMIT", 1]]
  [1m[35m (0.2ms)[0m  [1m[36mbegin transaction[0m
  [1m[35mSQL (2.3ms)[0m  [1m[31mDELETE FROM "products" WHERE "products"."id" = ?[0m  [["id", 1]]
  [1m[35m (56.1ms)[0m  [1m[36mcommit transaction[0m
Redirected to http://localhost:3000/products
Completed 302 Found in 72ms (ActiveRecord: 59.1ms)


Started GET "/products" for 127.0.0.1 at 2017-08-19 14:47:00 -0300
Processing by ProductsController#index as HTML
  Rendering products/index.html.erb within layouts/application
  [1m[36mProduct Load (0.4ms)[0m  [1m[34mSELECT "products".* FROM "products"[0m
  Rendered products/index.html.erb within layouts/application (3.3ms)
Completed 200 OK in 54ms (Views: 51.4ms | ActiveRecord: 0.4ms)


Started GET "/products/new" for 127.0.0.1 at 2017-08-19 14:54:41 -0300
Processing by ProductsController#new as HTML
  Rendering products/new.html.erb within layouts/application
  Rendered products/_form.html.erb (3.6ms)
  Rendered products/new.html.erb within layouts/application (6.9ms)
Completed 200 OK in 78ms (Views: 75.7ms | ActiveRecord: 0.0ms)


Started GET "/products/new" for 127.0.0.1 at 2017-08-19 14:56:50 -0300
Processing by ProductsController#new as HTML
  Rendering products/new.html.erb within layouts/application
  Rendered products/_form.html.erb (4.3ms)
  Rendered products/new.html.erb within layouts/application (7.6ms)
Completed 200 OK in 78ms (Views: 75.1ms | ActiveRecord: 0.0ms)


Started POST "/products" for 127.0.0.1 at 2017-08-19 14:57:36 -0300
Processing by ProductsController#create as HTML
  Parameters: {"utf8"=>"✓", "authenticity_token"=>"Gbeyxit/RdwPly8d661awDV6XzYWvo99j+I8eM8vwTZUqTkHMqvE0d1M/y2r0NCG/dsYFvHuwzhLVC8higx0/Q==", "quantity"=>"blusa", "cost_price"=>"", "sell_price"=>"", "status"=>"", "commit"=>"Create Product"}
  [1m[35m (0.2ms)[0m  [1m[36mbegin transaction[0m
  [1m[35mSQL (697.5ms)[0m  [1m[32mINSERT INTO "products" ("created_at", "updated_at") VALUES (?, ?)[0m  [["created_at", "2017-08-19 17:57:36.529529"], ["updated_at", "2017-08-19 17:57:36.529529"]]
  [1m[35m (1648.8ms)[0m  [1m[36mcommit transaction[0m
Redirected to http://localhost:3000/products/3
Completed 302 Found in 2355ms (ActiveRecord: 2346.5ms)


Started GET "/products/3" for 127.0.0.1 at 2017-08-19 14:57:38 -0300
Processing by ProductsController#show as HTML
  Parameters: {"id"=>"3"}
  [1m[36mProduct Load (0.3ms)[0m  [1m[34mSELECT  "products".* FROM "products" WHERE "products"."id" = ? LIMIT ?[0m  [["id", 3], ["LIMIT", 1]]
  Rendering products/show.html.erb within layouts/application
  Rendered products/show.html.erb within layouts/application (1.7ms)
Completed 200 OK in 62ms (Views: 58.2ms | ActiveRecord: 0.3ms)


Started GET "/products" for 127.0.0.1 at 2017-08-19 14:57:42 -0300
Processing by ProductsController#index as HTML
  Rendering products/index.html.erb within layouts/application
  [1m[36mProduct Load (0.4ms)[0m  [1m[34mSELECT "products".* FROM "products"[0m
  Rendered products/index.html.erb within layouts/application (4.6ms)
Completed 200 OK in 74ms (Views: 71.3ms | ActiveRecord: 0.4ms)


Started DELETE "/products/3" for 127.0.0.1 at 2017-08-19 14:57:46 -0300
Processing by ProductsController#destroy as HTML
  Parameters: {"authenticity_token"=>"GwZL4PdPn/KYTrMPMddKwFcF2C4yZ+BHazW9R4KLwDhWGMAh7pse/0qVYz9xqsCGn6SfDtU3rAKvg64ex6h18w==", "id"=>"3"}
  [1m[36mProduct Load (1.6ms)[0m  [1m[34mSELECT  "products".* FROM "products" WHERE "products"."id" = ? LIMIT ?[0m  [["id", 3], ["LIMIT", 1]]
  [1m[35m (0.1ms)[0m  [1m[36mbegin transaction[0m
  [1m[35mSQL (28.3ms)[0m  [1m[31mDELETE FROM "products" WHERE "products"."id" = ?[0m  [["id", 3]]
  [1m[35m (58.5ms)[0m  [1m[36mcommit transaction[0m
Redirected to http://localhost:3000/products
Completed 302 Found in 98ms (ActiveRecord: 88.5ms)


Started GET "/products" for 127.0.0.1 at 2017-08-19 14:57:46 -0300
Processing by ProductsController#index as HTML
  Rendering products/index.html.erb within layouts/application
  [1m[36mProduct Load (1.8ms)[0m  [1m[34mSELECT "products".* FROM "products"[0m
  Rendered products/index.html.erb within layouts/application (5.1ms)
Completed 200 OK in 85ms (Views: 80.9ms | ActiveRecord: 1.8ms)


Started GET "/products" for 127.0.0.1 at 2017-08-19 15:00:08 -0300
Processing by ProductsController#index as HTML
  Rendering products/index.html.erb within layouts/application
  [1m[36mProduct Load (0.4ms)[0m  [1m[34mSELECT "products".* FROM "products"[0m
  Rendered products/index.html.erb within layouts/application (3.8ms)
Completed 200 OK in 69ms (Views: 64.9ms | ActiveRecord: 0.4ms)


Started GET "/products/new" for 127.0.0.1 at 2017-08-19 15:00:12 -0300
Processing by ProductsController#new as HTML
  Rendering products/new.html.erb within layouts/application
  Rendered products/_form.html.erb (13.1ms)
  Rendered products/new.html.erb within layouts/application (16.0ms)
Completed 200 OK in 80ms (Views: 77.9ms | ActiveRecord: 0.0ms)


Started GET "/products/new" for 127.0.0.1 at 2017-08-19 15:00:32 -0300
Processing by ProductsController#new as HTML
  Rendering products/new.html.erb within layouts/application
  Rendered products/_form.html.erb (9.1ms)
  Rendered products/new.html.erb within layouts/application (20.0ms)
Completed 200 OK in 99ms (Views: 96.0ms | ActiveRecord: 0.0ms)


Started GET "/products/new" for 127.0.0.1 at 2017-08-19 15:01:05 -0300
Processing by ProductsController#new as HTML
  Rendering products/new.html.erb within layouts/application
  Rendered products/_form.html.erb (6.6ms)
  Rendered products/new.html.erb within layouts/application (9.5ms)
Completed 200 OK in 83ms (Views: 80.1ms | ActiveRecord: 0.0ms)


Started POST "/products" for 127.0.0.1 at 2017-08-19 15:01:39 -0300
Processing by ProductsController#create as HTML
  Parameters: {"utf8"=>"✓", "authenticity_token"=>"fAia/gXyi2JybFuPwiUjtCqJ7w7TbBuiLSzZbiO0vdIxFhE/HCYKb6C3i7+CWKny4iioLjQ8V+fpmso3ZpcIGQ==", "product"=>{"name"=>"blusa"}, "cost_price"=>"", "sell_price"=>"", "status"=>"", "commit"=>"Create Product"}
Completed 500 Internal Server Error in 5ms (ActiveRecord: 0.0ms)


  
ActiveModel::ForbiddenAttributesError (ActiveModel::ForbiddenAttributesError):
  
app/controllers/products_controller.rb:27:in `create'
  Rendering /var/lib/gems/2.3.0/gems/actionpack-5.0.5/lib/action_dispatch/middleware/templates/rescues/diagnostics.html.erb within rescues/layout
  Rendering /var/lib/gems/2.3.0/gems/actionpack-5.0.5/lib/action_dispatch/middleware/templates/rescues/_source.html.erb
  Rendered /var/lib/gems/2.3.0/gems/actionpack-5.0.5/lib/action_dispatch/middleware/templates/rescues/_source.html.erb (8.5ms)
  Rendering /var/lib/gems/2.3.0/gems/actionpack-5.0.5/lib/action_dispatch/middleware/templates/rescues/_trace.html.erb
  Rendered /var/lib/gems/2.3.0/gems/actionpack-5.0.5/lib/action_dispatch/middleware/templates/rescues/_trace.html.erb (4.0ms)
  Rendering /var/lib/gems/2.3.0/gems/actionpack-5.0.5/lib/action_dispatch/middleware/templates/rescues/_request_and_response.html.erb
  Rendered /var/lib/gems/2.3.0/gems/actionpack-5.0.5/lib/action_dispatch/middleware/templates/rescues/_request_and_response.html.erb (3.2ms)
  Rendered /var/lib/gems/2.3.0/gems/actionpack-5.0.5/lib/action_dispatch/middleware/templates/rescues/diagnostics.html.erb within rescues/layout (54.0ms)
Started GET "/products/index" for 127.0.0.1 at 2017-08-19 15:02:33 -0300
Processing by ProductsController#show as HTML
  Parameters: {"id"=>"index"}
  [1m[36mProduct Load (0.2ms)[0m  [1m[34mSELECT  "products".* FROM "products" WHERE "products"."id" = ? LIMIT ?[0m  [["id", 0], ["LIMIT", 1]]
Completed 404 Not Found in 3ms (ActiveRecord: 0.2ms)


  
ActiveRecord::RecordNotFound (Couldn't find Product with 'id'=index):
  
app/controllers/products_controller.rb:67:in `set_product'
  Rendering /var/lib/gems/2.3.0/gems/actionpack-5.0.5/lib/action_dispatch/middleware/templates/rescues/diagnostics.html.erb within rescues/layout
  Rendering /var/lib/gems/2.3.0/gems/actionpack-5.0.5/lib/action_dispatch/middleware/templates/rescues/_source.html.erb
  Rendered /var/lib/gems/2.3.0/gems/actionpack-5.0.5/lib/action_dispatch/middleware/templates/rescues/_source.html.erb (8.7ms)
  Rendering /var/lib/gems/2.3.0/gems/actionpack-5.0.5/lib/action_dispatch/middleware/templates/rescues/_trace.html.erb
  Rendered /var/lib/gems/2.3.0/gems/actionpack-5.0.5/lib/action_dispatch/middleware/templates/rescues/_trace.html.erb (4.5ms)
  Rendering /var/lib/gems/2.3.0/gems/actionpack-5.0.5/lib/action_dispatch/middleware/templates/rescues/_request_and_response.html.erb
  Rendered /var/lib/gems/2.3.0/gems/actionpack-5.0.5/lib/action_dispatch/middleware/templates/rescues/_request_and_response.html.erb (3.1ms)
  Rendered /var/lib/gems/2.3.0/gems/actionpack-5.0.5/lib/action_dispatch/middleware/templates/rescues/diagnostics.html.erb within rescues/layout (54.1ms)
Started GET "/products/" for 127.0.0.1 at 2017-08-19 15:02:41 -0300
Processing by ProductsController#index as HTML
  Rendering products/index.html.erb within layouts/application
  [1m[36mProduct Load (0.4ms)[0m  [1m[34mSELECT "products".* FROM "products"[0m
  Rendered products/index.html.erb within layouts/application (6.4ms)
Completed 200 OK in 82ms (Views: 79.6ms | ActiveRecord: 0.4ms)


Started GET "/products/new" for 127.0.0.1 at 2017-08-19 15:02:58 -0300
Processing by ProductsController#new as HTML
  Rendering products/new.html.erb within layouts/application
  Rendered products/_form.html.erb (8.2ms)
  Rendered products/new.html.erb within layouts/application (11.4ms)
Completed 200 OK in 82ms (Views: 79.6ms | ActiveRecord: 0.0ms)


Started POST "/products" for 127.0.0.1 at 2017-08-19 15:03:02 -0300
Processing by ProductsController#create as HTML
  Parameters: {"utf8"=>"✓", "authenticity_token"=>"ofxsdHwcUbMwX3T8ByZ/FCTE6Ing7iBHuJTc4JBOu0VLcxzg21AscF3A5o9cosk8QmpuDZvRGDuIocIUF+mxNA==", "product"=>{"name"=>"a"}, "cost_price"=>"", "sell_price"=>"", "status"=>"", "commit"=>"Create Product"}
Completed 500 Internal Server Error in 2ms (ActiveRecord: 0.0ms)


  
ActiveModel::ForbiddenAttributesError (ActiveModel::ForbiddenAttributesError):
  
app/controllers/products_controller.rb:27:in `create'
  Rendering /var/lib/gems/2.3.0/gems/actionpack-5.0.5/lib/action_dispatch/middleware/templates/rescues/diagnostics.html.erb within rescues/layout
  Rendering /var/lib/gems/2.3.0/gems/actionpack-5.0.5/lib/action_dispatch/middleware/templates/rescues/_source.html.erb
  Rendered /var/lib/gems/2.3.0/gems/actionpack-5.0.5/lib/action_dispatch/middleware/templates/rescues/_source.html.erb (8.6ms)
  Rendering /var/lib/gems/2.3.0/gems/actionpack-5.0.5/lib/action_dispatch/middleware/templates/rescues/_trace.html.erb
  Rendered /var/lib/gems/2.3.0/gems/actionpack-5.0.5/lib/action_dispatch/middleware/templates/rescues/_trace.html.erb (4.1ms)
  Rendering /var/lib/gems/2.3.0/gems/actionpack-5.0.5/lib/action_dispatch/middleware/templates/rescues/_request_and_response.html.erb
  Rendered /var/lib/gems/2.3.0/gems/actionpack-5.0.5/lib/action_dispatch/middleware/templates/rescues/_request_and_response.html.erb (3.2ms)
  Rendered /var/lib/gems/2.3.0/gems/actionpack-5.0.5/lib/action_dispatch/middleware/templates/rescues/diagnostics.html.erb within rescues/layout (52.4ms)
Started POST "/products" for 127.0.0.1 at 2017-08-19 15:04:01 -0300
  
SyntaxError (/home/railsgirls/vendiquanto/app/controllers/products_controller.rb:72: syntax error, unexpected '}', expecting =>
      params.fetch(:product, {:name})
                                    ^):
  
app/controllers/products_controller.rb:72: syntax error, unexpected '}', expecting =>
  Rendering /var/lib/gems/2.3.0/gems/actionpack-5.0.5/lib/action_dispatch/middleware/templates/rescues/diagnostics.html.erb within rescues/layout
  Rendering /var/lib/gems/2.3.0/gems/actionpack-5.0.5/lib/action_dispatch/middleware/templates/rescues/_source.html.erb
  Rendered /var/lib/gems/2.3.0/gems/actionpack-5.0.5/lib/action_dispatch/middleware/templates/rescues/_source.html.erb (9.3ms)
  Rendering /var/lib/gems/2.3.0/gems/actionpack-5.0.5/lib/action_dispatch/middleware/templates/rescues/_trace.html.erb
  Rendered /var/lib/gems/2.3.0/gems/actionpack-5.0.5/lib/action_dispatch/middleware/templates/rescues/_trace.html.erb (4.3ms)
  Rendering /var/lib/gems/2.3.0/gems/actionpack-5.0.5/lib/action_dispatch/middleware/templates/rescues/_request_and_response.html.erb
  Rendered /var/lib/gems/2.3.0/gems/actionpack-5.0.5/lib/action_dispatch/middleware/templates/rescues/_request_and_response.html.erb (4.0ms)
  Rendered /var/lib/gems/2.3.0/gems/actionpack-5.0.5/lib/action_dispatch/middleware/templates/rescues/diagnostics.html.erb within rescues/layout (55.3ms)
Started POST "/products" for 127.0.0.1 at 2017-08-19 15:06:48 -0300
  
SyntaxError (/home/railsgirls/vendiquanto/app/controllers/products_controller.rb:72: syntax error, unexpected tSYMBEG, expecting keyword_do or '{' or '('
...arams.fetch(:product, {permit :name, :quantity, :cost_price,...
...                               ^):
  
app/controllers/products_controller.rb:72: syntax error, unexpected tSYMBEG, expecting keyword_do or '{' or '('
  Rendering /var/lib/gems/2.3.0/gems/actionpack-5.0.5/lib/action_dispatch/middleware/templates/rescues/diagnostics.html.erb within rescues/layout
  Rendering /var/lib/gems/2.3.0/gems/actionpack-5.0.5/lib/action_dispatch/middleware/templates/rescues/_source.html.erb
  Rendered /var/lib/gems/2.3.0/gems/actionpack-5.0.5/lib/action_dispatch/middleware/templates/rescues/_source.html.erb (9.2ms)
  Rendering /var/lib/gems/2.3.0/gems/actionpack-5.0.5/lib/action_dispatch/middleware/templates/rescues/_trace.html.erb
  Rendered /var/lib/gems/2.3.0/gems/actionpack-5.0.5/lib/action_dispatch/middleware/templates/rescues/_trace.html.erb (4.4ms)
  Rendering /var/lib/gems/2.3.0/gems/actionpack-5.0.5/lib/action_dispatch/middleware/templates/rescues/_request_and_response.html.erb
  Rendered /var/lib/gems/2.3.0/gems/actionpack-5.0.5/lib/action_dispatch/middleware/templates/rescues/_request_and_response.html.erb (4.0ms)
  Rendered /var/lib/gems/2.3.0/gems/actionpack-5.0.5/lib/action_dispatch/middleware/templates/rescues/diagnostics.html.erb within rescues/layout (56.4ms)
Started GET "/products/new" for 127.0.0.1 at 2017-08-19 15:07:31 -0300
Processing by ProductsController#new as HTML
  Rendering products/new.html.erb within layouts/application
  Rendered products/_form.html.erb (6.9ms)
  Rendered products/new.html.erb within layouts/application (10.0ms)
Completed 200 OK in 99ms (Views: 63.1ms | ActiveRecord: 3.7ms)


Started POST "/products" for 127.0.0.1 at 2017-08-19 15:07:40 -0300
Processing by ProductsController#create as HTML
  Parameters: {"utf8"=>"✓", "authenticity_token"=>"gpBPbYdBn5uo2l7E5YzaNUfKBwyp/il0EDYrncznBx/PjsSsnpUelnoBjvSl8VBzj2tALE6uZTHUgDjEicSy1A==", "product"=>{"name"=>"AA"}, "cost_price"=>"", "sell_price"=>"", "status"=>"", "commit"=>"Create Product"}
  [1m[35m (0.5ms)[0m  [1m[36mbegin transaction[0m
  [1m[35mSQL (4.6ms)[0m  [1m[32mINSERT INTO "products" ("name", "created_at", "updated_at") VALUES (?, ?, ?)[0m  [["name", "AA"], ["created_at", "2017-08-19 18:07:40.348303"], ["updated_at", "2017-08-19 18:07:40.348303"]]
  [1m[35m (2333.7ms)[0m  [1m[36mcommit transaction[0m
Redirected to http://localhost:3000/products/4
Completed 302 Found in 2357ms (ActiveRecord: 2338.9ms)


Started GET "/products/4" for 127.0.0.1 at 2017-08-19 15:07:42 -0300
Processing by ProductsController#show as HTML
  Parameters: {"id"=>"4"}
  [1m[36mProduct Load (0.4ms)[0m  [1m[34mSELECT  "products".* FROM "products" WHERE "products"."id" = ? LIMIT ?[0m  [["id", 4], ["LIMIT", 1]]
  Rendering products/show.html.erb within layouts/application
  Rendered products/show.html.erb within layouts/application (1.6ms)
Completed 200 OK in 73ms (Views: 67.4ms | ActiveRecord: 0.4ms)


  [1m[36mProduct Load (0.5ms)[0m  [1m[34mSELECT "products".* FROM "products"[0m
  [1m[36mProduct Load (0.2ms)[0m  [1m[34mSELECT "products".* FROM "products"[0m
  [1m[35m (0.2ms)[0m  [1m[36mbegin transaction[0m
  [1m[35mSQL (1.5ms)[0m  [1m[32mINSERT INTO "products" ("name", "created_at", "updated_at") VALUES (?, ?, ?)[0m  [["name", "blusa"], ["created_at", "2017-08-19 18:11:31.787022"], ["updated_at", "2017-08-19 18:11:31.787022"]]
  [1m[35m (2320.5ms)[0m  [1m[36mcommit transaction[0m
  [1m[36mProduct Load (0.2ms)[0m  [1m[34mSELECT "products".* FROM "products"[0m
Started GET "/products" for 127.0.0.1 at 2017-08-19 15:15:31 -0300
Processing by ProductsController#index as HTML
  Rendering products/index.html.erb within layouts/application
  [1m[36mProduct Load (0.8ms)[0m  [1m[34mSELECT "products".* FROM "products"[0m
  Rendered products/index.html.erb within layouts/application (7.1ms)
Completed 200 OK in 79ms (Views: 71.7ms | ActiveRecord: 0.8ms)


Started GET "/products/new" for 127.0.0.1 at 2017-08-19 15:15:34 -0300
Processing by ProductsController#new as HTML
  Rendering products/new.html.erb within layouts/application
  Rendered products/_form.html.erb (13.5ms)
  Rendered products/new.html.erb within layouts/application (16.7ms)
Completed 200 OK in 87ms (Views: 83.9ms | ActiveRecord: 0.0ms)


Started GET "/products/new" for 127.0.0.1 at 2017-08-19 15:16:01 -0300
Processing by ProductsController#new as HTML
  Rendering products/new.html.erb within layouts/application
  Rendered products/_form.html.erb (0.8ms)
  Rendered products/new.html.erb within layouts/application (7.1ms)
Completed 200 OK in 62ms (Views: 58.8ms | ActiveRecord: 0.0ms)


Started GET "/products" for 127.0.0.1 at 2017-08-19 15:16:04 -0300
Processing by ProductsController#index as HTML
  Rendering products/index.html.erb within layouts/application
  [1m[36mProduct Load (0.4ms)[0m  [1m[34mSELECT "products".* FROM "products"[0m
  Rendered products/index.html.erb within layouts/application (19.2ms)
Completed 200 OK in 73ms (Views: 69.6ms | ActiveRecord: 0.4ms)


Started GET "/products/new" for 127.0.0.1 at 2017-08-19 15:16:06 -0300
Processing by ProductsController#new as HTML
  Rendering products/new.html.erb within layouts/application
  Rendered products/_form.html.erb (22.5ms)
  Rendered products/new.html.erb within layouts/application (32.6ms)
Completed 200 OK in 138ms (Views: 134.9ms | ActiveRecord: 0.0ms)


Started POST "/products" for 127.0.0.1 at 2017-08-19 15:17:21 -0300
Processing by ProductsController#create as HTML
  Parameters: {"utf8"=>"✓", "authenticity_token"=>"oM9kq4Pm6ooMhx/vBDRiffkmLbKtHPRicEhuGRlJo8JKQBQ/JKqXSWEYjZxfsNRVn4irNtYjzB5AfXDtnu6psw==", "product"=>{"name"=>"Mercadoria1", "quantity"=>"5", "cost_price"=>"2.50", "sell_price"=>"10", "status"=>"1"}, "commit"=>"Create Product"}
  [1m[35m (0.1ms)[0m  [1m[36mbegin transaction[0m
  [1m[35mSQL (4.2ms)[0m  [1m[32mINSERT INTO "products" ("name", "quantity", "cost_price", "sell_price", "status", "created_at", "updated_at") VALUES (?, ?, ?, ?, ?, ?, ?)[0m  [["name", "Mercadoria1"], ["quantity", 5], ["cost_price", 2.5], ["sell_price", 10.0], ["status", "t"], ["created_at", "2017-08-19 18:17:21.572536"], ["updated_at", "2017-08-19 18:17:21.572536"]]
  [1m[35m (3117.5ms)[0m  [1m[36mcommit transaction[0m
Redirected to http://localhost:3000/products/6
Completed 302 Found in 3131ms (ActiveRecord: 3121.8ms)


Started GET "/products/6" for 127.0.0.1 at 2017-08-19 15:17:24 -0300
Processing by ProductsController#show as HTML
  Parameters: {"id"=>"6"}
  [1m[36mProduct Load (5.3ms)[0m  [1m[34mSELECT  "products".* FROM "products" WHERE "products"."id" = ? LIMIT ?[0m  [["id", 6], ["LIMIT", 1]]
  Rendering products/show.html.erb within layouts/application
  Rendered products/show.html.erb within layouts/application (1.6ms)
Completed 200 OK in 64ms (Views: 54.5ms | ActiveRecord: 5.3ms)


  [1m[36mProduct Load (0.2ms)[0m  [1m[34mSELECT "products".* FROM "products"[0m
Started GET "/products/6" for 127.0.0.1 at 2017-08-19 15:24:11 -0300
Processing by ProductsController#show as HTML
  Parameters: {"id"=>"6"}
  [1m[36mProduct Load (0.7ms)[0m  [1m[34mSELECT  "products".* FROM "products" WHERE "products"."id" = ? LIMIT ?[0m  [["id", 6], ["LIMIT", 1]]
  Rendering products/show.html.erb within layouts/application
  Rendered products/show.html.erb within layouts/application (4.4ms)
Completed 200 OK in 115ms (Views: 72.2ms | ActiveRecord: 3.5ms)


Started GET "/products/6" for 127.0.0.1 at 2017-08-19 15:24:40 -0300
Processing by ProductsController#show as HTML
  Parameters: {"id"=>"6"}
  [1m[36mProduct Load (0.2ms)[0m  [1m[34mSELECT  "products".* FROM "products" WHERE "products"."id" = ? LIMIT ?[0m  [["id", 6], ["LIMIT", 1]]
  Rendering products/show.html.erb within layouts/application
  Rendered products/show.html.erb within layouts/application (4.3ms)
Completed 200 OK in 61ms (Views: 56.1ms | ActiveRecord: 0.2ms)


Started GET "/products/6" for 127.0.0.1 at 2017-08-19 15:26:03 -0300
Processing by ProductsController#show as HTML
  Parameters: {"id"=>"6"}
  [1m[36mProduct Load (0.2ms)[0m  [1m[34mSELECT  "products".* FROM "products" WHERE "products"."id" = ? LIMIT ?[0m  [["id", 6], ["LIMIT", 1]]
  Rendering products/show.html.erb within layouts/application
  Rendered products/show.html.erb within layouts/application (2.8ms)
Completed 200 OK in 66ms (Views: 62.1ms | ActiveRecord: 0.2ms)


Started GET "/products/6" for 127.0.0.1 at 2017-08-19 15:26:57 -0300
Processing by ProductsController#show as HTML
  Parameters: {"id"=>"6"}
  [1m[36mProduct Load (0.2ms)[0m  [1m[34mSELECT  "products".* FROM "products" WHERE "products"."id" = ? LIMIT ?[0m  [["id", 6], ["LIMIT", 1]]
  Rendering products/show.html.erb within layouts/application
  Rendered products/show.html.erb within layouts/application (2.1ms)
Completed 200 OK in 87ms (Views: 83.6ms | ActiveRecord: 0.2ms)


Started GET "/products" for 127.0.0.1 at 2017-08-19 15:27:02 -0300
Processing by ProductsController#index as HTML
  Rendering products/index.html.erb within layouts/application
  [1m[36mProduct Load (0.4ms)[0m  [1m[34mSELECT "products".* FROM "products"[0m
  Rendered products/index.html.erb within layouts/application (6.8ms)
Completed 200 OK in 57ms (Views: 53.9ms | ActiveRecord: 0.4ms)


Started GET "/products/new" for 127.0.0.1 at 2017-08-19 15:28:59 -0300
Processing by ProductsController#new as HTML
  Rendering products/new.html.erb within layouts/application
  Rendered products/_form.html.erb (12.6ms)
  Rendered products/new.html.erb within layouts/application (16.1ms)
Completed 200 OK in 82ms (Views: 79.1ms | ActiveRecord: 0.0ms)


Started POST "/products" for 127.0.0.1 at 2017-08-19 15:30:08 -0300
Processing by ProductsController#create as HTML
  Parameters: {"utf8"=>"✓", "authenticity_token"=>"agzkA3gG/eGT0fnFRqpRxpYlxXDtXDrvkWQztjE74jmAg5SX30qAIv5Oa7YdLufu8ItD9JZjApOhUS1CtpzoSA==", "product"=>{"name"=>"regata", "quantity"=>"7", "cost_price"=>"5.75", "sell_price"=>"30", "status"=>"0"}, "commit"=>"Create Product"}
  [1m[35m (0.2ms)[0m  [1m[36mbegin transaction[0m
  [1m[35mSQL (1612.4ms)[0m  [1m[32mINSERT INTO "products" ("name", "quantity", "cost_price", "sell_price", "status", "created_at", "updated_at") VALUES (?, ?, ?, ?, ?, ?, ?)[0m  [["name", "regata"], ["quantity", 7], ["cost_price", 5.75], ["sell_price", 30.0], ["status", "f"], ["created_at", "2017-08-19 18:30:08.960270"], ["updated_at", "2017-08-19 18:30:08.960270"]]
  [1m[35m (5466.4ms)[0m  [1m[36mcommit transaction[0m
Redirected to http://localhost:3000/products/7
Completed 302 Found in 7088ms (ActiveRecord: 7079.0ms)


Started GET "/products/7" for 127.0.0.1 at 2017-08-19 15:30:16 -0300
Processing by ProductsController#show as HTML
  Parameters: {"id"=>"7"}
  [1m[36mProduct Load (0.2ms)[0m  [1m[34mSELECT  "products".* FROM "products" WHERE "products"."id" = ? LIMIT ?[0m  [["id", 7], ["LIMIT", 1]]
  Rendering products/show.html.erb within layouts/application
  Rendered products/show.html.erb within layouts/application (2.0ms)
Completed 200 OK in 59ms (Views: 54.5ms | ActiveRecord: 0.2ms)


Started GET "/products" for 127.0.0.1 at 2017-08-19 15:31:05 -0300
Processing by ProductsController#index as HTML
  Rendering products/index.html.erb within layouts/application
  [1m[36mProduct Load (0.4ms)[0m  [1m[34mSELECT "products".* FROM "products"[0m
  Rendered products/index.html.erb within layouts/application (6.4ms)
Completed 200 OK in 81ms (Views: 78.4ms | ActiveRecord: 0.4ms)


Started DELETE "/products/4" for 127.0.0.1 at 2017-08-19 15:31:12 -0300
Processing by ProductsController#destroy as HTML
  Parameters: {"authenticity_token"=>"dMSChc6zlk/Yv8r9hYyvjHb3kkLVP0QQd86Wo4kwf2U52glE12cXQgpkGs3F8SXKvlbVYjJvCFWzeIX6zBPKrg==", "id"=>"4"}
  [1m[36mProduct Load (0.2ms)[0m  [1m[34mSELECT  "products".* FROM "products" WHERE "products"."id" = ? LIMIT ?[0m  [["id", 4], ["LIMIT", 1]]
  [1m[35m (0.2ms)[0m  [1m[36mbegin transaction[0m
  [1m[35mSQL (2.3ms)[0m  [1m[31mDELETE FROM "products" WHERE "products"."id" = ?[0m  [["id", 4]]
  [1m[35m (1583.5ms)[0m  [1m[36mcommit transaction[0m
Redirected to http://localhost:3000/products
Completed 302 Found in 1594ms (ActiveRecord: 1586.3ms)


Started GET "/products" for 127.0.0.1 at 2017-08-19 15:31:14 -0300
Processing by ProductsController#index as HTML
  Rendering products/index.html.erb within layouts/application
  [1m[36mProduct Load (0.5ms)[0m  [1m[34mSELECT "products".* FROM "products"[0m
  Rendered products/index.html.erb within layouts/application (5.7ms)
Completed 200 OK in 73ms (Views: 69.0ms | ActiveRecord: 0.5ms)


Started DELETE "/products/6" for 127.0.0.1 at 2017-08-19 15:31:21 -0300
Processing by ProductsController#destroy as HTML
  Parameters: {"authenticity_token"=>"/g+OKzxS7aj1SLljbQn4vwk8pevpotdYVQVp1fjd08mzEQXqJYZspSeTaVMtdHL5wZ3iyw7ymx2Rs3qMvf5mAg==", "id"=>"6"}
  [1m[36mProduct Load (0.2ms)[0m  [1m[34mSELECT  "products".* FROM "products" WHERE "products"."id" = ? LIMIT ?[0m  [["id", 6], ["LIMIT", 1]]
  [1m[35m (0.2ms)[0m  [1m[36mbegin transaction[0m
  [1m[35mSQL (1.4ms)[0m  [1m[31mDELETE FROM "products" WHERE "products"."id" = ?[0m  [["id", 6]]
  [1m[35m (58.5ms)[0m  [1m[36mcommit transaction[0m
Redirected to http://localhost:3000/products
Completed 302 Found in 73ms (ActiveRecord: 60.4ms)


Started GET "/products" for 127.0.0.1 at 2017-08-19 15:31:21 -0300
Processing by ProductsController#index as HTML
  Rendering products/index.html.erb within layouts/application
  [1m[36mProduct Load (0.5ms)[0m  [1m[34mSELECT "products".* FROM "products"[0m
  Rendered products/index.html.erb within layouts/application (11.1ms)
Completed 200 OK in 106ms (Views: 100.6ms | ActiveRecord: 0.5ms)


Started DELETE "/products/7" for 127.0.0.1 at 2017-08-19 15:31:25 -0300
Processing by ProductsController#destroy as HTML
  Parameters: {"authenticity_token"=>"tbom4bStR8w8f46wq92CJ54ToUIKHUevTNyXGpynrab4pK0grXnGwe6kXoDroAhhVrLmYu1NC+qIaoRD2YQYbQ==", "id"=>"7"}
  [1m[36mProduct Load (0.3ms)[0m  [1m[34mSELECT  "products".* FROM "products" WHERE "products"."id" = ? LIMIT ?[0m  [["id", 7], ["LIMIT", 1]]
  [1m[35m (0.2ms)[0m  [1m[36mbegin transaction[0m
  [1m[35mSQL (4.2ms)[0m  [1m[31mDELETE FROM "products" WHERE "products"."id" = ?[0m  [["id", 7]]
  [1m[35m (16213.4ms)[0m  [1m[36mcommit transaction[0m
Redirected to http://localhost:3000/products
Started GET "/products/new" for 127.0.0.1 at 2017-08-19 15:31:43 -0300
Completed 302 Found in 16235ms (ActiveRecord: 16218.2ms)


Processing by ProductsController#new as HTML
  Rendering products/new.html.erb within layouts/application
  Rendered products/_form.html.erb (32.0ms)
  Rendered products/new.html.erb within layouts/application (37.9ms)
Started GET "/products" for 127.0.0.1 at 2017-08-19 15:31:43 -0300
Processing by ProductsController#index as HTML
  Rendering products/index.html.erb within layouts/application
  [1m[36mProduct Load (0.5ms)[0m  [1m[34mSELECT "products".* FROM "products"[0m
  Rendered products/index.html.erb within layouts/application (17.1ms)
Completed 200 OK in 244ms (Views: 238.1ms | ActiveRecord: 0.0ms)


Completed 200 OK in 170ms (Views: 159.9ms | ActiveRecord: 0.5ms)


Started GET "/products/new" for 127.0.0.1 at 2017-08-19 15:31:49 -0300
Processing by ProductsController#new as HTML
  Rendering products/new.html.erb within layouts/application
  Rendered products/_form.html.erb (10.7ms)
  Rendered products/new.html.erb within layouts/application (13.6ms)
Completed 200 OK in 100ms (Views: 96.8ms | ActiveRecord: 0.0ms)


Started POST "/products" for 127.0.0.1 at 2017-08-19 15:33:15 -0300
Processing by ProductsController#create as HTML
  Parameters: {"utf8"=>"✓", "authenticity_token"=>"Gv4Bl5ourMnnNL99dslncF59K7TKRav7+piDs2k8U67wcXEDPWLRCoqrLQ4tTdFYONOtMLF6k4fKrZ1H7ptZ3w==", "product"=>{"name"=>"Brinco Artesanal", "quantity"=>"35", "cost_price"=>"200", "sell_price"=>"15", "status"=>"0"}, "commit"=>"Create Product"}
  [1m[35m (0.2ms)[0m  [1m[36mbegin transaction[0m
  [1m[35mSQL (1.8ms)[0m  [1m[32mINSERT INTO "products" ("name", "quantity", "cost_price", "sell_price", "status", "created_at", "updated_at") VALUES (?, ?, ?, ?, ?, ?, ?)[0m  [["name", "Brinco Artesanal"], ["quantity", 35], ["cost_price", 200.0], ["sell_price", 15.0], ["status", "f"], ["created_at", "2017-08-19 18:33:15.256703"], ["updated_at", "2017-08-19 18:33:15.256703"]]
  [1m[35m (3093.3ms)[0m  [1m[36mcommit transaction[0m
Redirected to http://localhost:3000/products/8
Completed 302 Found in 3110ms (ActiveRecord: 3095.2ms)


Started GET "/products/8" for 127.0.0.1 at 2017-08-19 15:33:18 -0300
Processing by ProductsController#show as HTML
  Parameters: {"id"=>"8"}
  [1m[36mProduct Load (1.3ms)[0m  [1m[34mSELECT  "products".* FROM "products" WHERE "products"."id" = ? LIMIT ?[0m  [["id", 8], ["LIMIT", 1]]
  Rendering products/show.html.erb within layouts/application
  Rendered products/show.html.erb within layouts/application (2.3ms)
Completed 200 OK in 60ms (Views: 54.5ms | ActiveRecord: 1.3ms)


Started GET "/products/8" for 127.0.0.1 at 2017-08-19 15:35:45 -0300
Processing by ProductsController#show as HTML
  Parameters: {"id"=>"8"}
  [1m[36mProduct Load (0.2ms)[0m  [1m[34mSELECT  "products".* FROM "products" WHERE "products"."id" = ? LIMIT ?[0m  [["id", 8], ["LIMIT", 1]]
  Rendering products/show.html.erb within layouts/application
  Rendered products/show.html.erb within layouts/application (2.1ms)
Completed 200 OK in 71ms (Views: 65.3ms | ActiveRecord: 0.2ms)


Started GET "/products/8" for 127.0.0.1 at 2017-08-19 15:37:07 -0300
Processing by ProductsController#show as HTML
  Parameters: {"id"=>"8"}
  [1m[36mProduct Load (0.5ms)[0m  [1m[34mSELECT  "products".* FROM "products" WHERE "products"."id" = ? LIMIT ?[0m  [["id", 8], ["LIMIT", 1]]
  Rendering products/show.html.erb within layouts/application
  Rendered products/show.html.erb within layouts/application (2.0ms)
Completed 200 OK in 66ms (Views: 59.2ms | ActiveRecord: 0.5ms)


Started GET "/products/8" for 127.0.0.1 at 2017-08-19 15:37:18 -0300
Processing by ProductsController#show as HTML
  Parameters: {"id"=>"8"}
  [1m[36mProduct Load (0.2ms)[0m  [1m[34mSELECT  "products".* FROM "products" WHERE "products"."id" = ? LIMIT ?[0m  [["id", 8], ["LIMIT", 1]]
  Rendering products/show.html.erb within layouts/application
  Rendered products/show.html.erb within layouts/application (5.7ms)
Completed 200 OK in 87ms (Views: 80.3ms | ActiveRecord: 0.2ms)


Started GET "/products/" for 127.0.0.1 at 2017-08-19 15:40:51 -0300
Processing by ProductsController#index as HTML
  Rendering products/index.html.erb within layouts/application
  [1m[36mProduct Load (0.5ms)[0m  [1m[34mSELECT "products".* FROM "products"[0m
  Rendered products/index.html.erb within layouts/application (14.1ms)
Completed 200 OK in 82ms (Views: 78.6ms | ActiveRecord: 0.5ms)


Started GET "/products/" for 127.0.0.1 at 2017-08-19 15:41:32 -0300
Processing by ProductsController#index as HTML
  Rendering products/index.html.erb within layouts/application
  [1m[36mProduct Load (0.4ms)[0m  [1m[34mSELECT "products".* FROM "products"[0m
  Rendered products/index.html.erb within layouts/application (4.2ms)
Completed 200 OK in 57ms (Views: 53.6ms | ActiveRecord: 0.4ms)


Started GET "/products/" for 127.0.0.1 at 2017-08-19 15:42:40 -0300
Processing by ProductsController#index as HTML
  Rendering products/index.html.erb within layouts/application
  [1m[36mProduct Load (0.8ms)[0m  [1m[34mSELECT "products".* FROM "products"[0m
  Rendered products/index.html.erb within layouts/application (8.0ms)
Completed 200 OK in 77ms (Views: 73.9ms | ActiveRecord: 0.8ms)


Started GET "/products/" for 127.0.0.1 at 2017-08-19 15:43:04 -0300
Processing by ProductsController#index as HTML
  Rendering products/index.html.erb within layouts/application
  [1m[36mProduct Load (7.2ms)[0m  [1m[34mSELECT "products".* FROM "products"[0m
  Rendered products/index.html.erb within layouts/application (11.9ms)
Completed 200 OK in 85ms (Views: 74.6ms | ActiveRecord: 7.2ms)


Started GET "/products/8" for 127.0.0.1 at 2017-08-19 15:43:20 -0300
Processing by ProductsController#show as HTML
  Parameters: {"id"=>"8"}
  [1m[36mProduct Load (0.5ms)[0m  [1m[34mSELECT  "products".* FROM "products" WHERE "products"."id" = ? LIMIT ?[0m  [["id", 8], ["LIMIT", 1]]
  Rendering products/show.html.erb within layouts/application
  Rendered products/show.html.erb within layouts/application (2.5ms)
Completed 200 OK in 77ms (Views: 66.5ms | ActiveRecord: 0.5ms)


Started GET "/products/5" for 127.0.0.1 at 2017-08-19 15:43:25 -0300
Processing by ProductsController#show as HTML
  Parameters: {"id"=>"5"}
  [1m[36mProduct Load (0.2ms)[0m  [1m[34mSELECT  "products".* FROM "products" WHERE "products"."id" = ? LIMIT ?[0m  [["id", 5], ["LIMIT", 1]]
  Rendering products/show.html.erb within layouts/application
  Rendered products/show.html.erb within layouts/application (4.1ms)
Completed 200 OK in 113ms (Views: 108.5ms | ActiveRecord: 0.2ms)


Started GET "/products/5/edit" for 127.0.0.1 at 2017-08-19 15:43:31 -0300
Processing by ProductsController#edit as HTML
  Parameters: {"id"=>"5"}
  [1m[36mProduct Load (0.3ms)[0m  [1m[34mSELECT  "products".* FROM "products" WHERE "products"."id" = ? LIMIT ?[0m  [["id", 5], ["LIMIT", 1]]
  Rendering products/edit.html.erb within layouts/application
  Rendered products/_form.html.erb (13.3ms)
  Rendered products/edit.html.erb within layouts/application (16.4ms)
Completed 200 OK in 79ms (Views: 74.9ms | ActiveRecord: 0.3ms)


Started PATCH "/products/5" for 127.0.0.1 at 2017-08-19 15:43:49 -0300
Processing by ProductsController#update as HTML
  Parameters: {"utf8"=>"✓", "authenticity_token"=>"xW16GRcl+VUmJkk9ZPFRKmXhyx6f0xW8hfzZKawsDPFzAfi+4+WpJ+iTy/8nl1CWy70DA5TFn+4JK1kix+/NeQ==", "product"=>{"name"=>"blusa", "quantity"=>"10", "cost_price"=>"15", "sell_price"=>"20", "status"=>"0"}, "commit"=>"Update Product", "id"=>"5"}
  [1m[36mProduct Load (0.2ms)[0m  [1m[34mSELECT  "products".* FROM "products" WHERE "products"."id" = ? LIMIT ?[0m  [["id", 5], ["LIMIT", 1]]
  [1m[35m (0.1ms)[0m  [1m[36mbegin transaction[0m
  [1m[35mSQL (1.6ms)[0m  [1m[33mUPDATE "products" SET "quantity" = ?, "cost_price" = ?, "sell_price" = ?, "status" = ?, "updated_at" = ? WHERE "products"."id" = ?[0m  [["quantity", 10], ["cost_price", 15.0], ["sell_price", 20.0], ["status", "f"], ["updated_at", "2017-08-19 18:43:50.236752"], ["id", 5]]
  [1m[35m (10828.5ms)[0m  [1m[36mcommit transaction[0m
Redirected to http://localhost:3000/products/5
Completed 302 Found in 10841ms (ActiveRecord: 10830.4ms)


Started GET "/products/5" for 127.0.0.1 at 2017-08-19 15:44:01 -0300
Processing by ProductsController#show as HTML
  Parameters: {"id"=>"5"}
  [1m[36mProduct Load (0.3ms)[0m  [1m[34mSELECT  "products".* FROM "products" WHERE "products"."id" = ? LIMIT ?[0m  [["id", 5], ["LIMIT", 1]]
  Rendering products/show.html.erb within layouts/application
  Rendered products/show.html.erb within layouts/application (2.2ms)
Completed 200 OK in 73ms (Views: 68.8ms | ActiveRecord: 0.3ms)


Started GET "/products/5" for 127.0.0.1 at 2017-08-19 15:46:08 -0300
Processing by ProductsController#show as HTML
  Parameters: {"id"=>"5"}
  [1m[36mProduct Load (0.2ms)[0m  [1m[34mSELECT  "products".* FROM "products" WHERE "products"."id" = ? LIMIT ?[0m  [["id", 5], ["LIMIT", 1]]
  Rendering products/show.html.erb within layouts/application
  Rendered products/show.html.erb within layouts/application (8.9ms)
Completed 200 OK in 78ms (Views: 71.1ms | ActiveRecord: 0.2ms)


Started GET "/products/5" for 127.0.0.1 at 2017-08-19 15:46:59 -0300
Processing by ProductsController#show as HTML
  Parameters: {"id"=>"5"}
  [1m[36mProduct Load (0.2ms)[0m  [1m[34mSELECT  "products".* FROM "products" WHERE "products"."id" = ? LIMIT ?[0m  [["id", 5], ["LIMIT", 1]]
  Rendering products/show.html.erb within layouts/application
  Rendered products/show.html.erb within layouts/application (2.2ms)
Completed 200 OK in 89ms (Views: 82.0ms | ActiveRecord: 0.2ms)


Started GET "/products/5" for 127.0.0.1 at 2017-08-19 15:47:13 -0300
Processing by ProductsController#show as HTML
  Parameters: {"id"=>"5"}
  [1m[36mProduct Load (0.2ms)[0m  [1m[34mSELECT  "products".* FROM "products" WHERE "products"."id" = ? LIMIT ?[0m  [["id", 5], ["LIMIT", 1]]
  Rendering products/show.html.erb within layouts/application
  Rendered products/show.html.erb within layouts/application (2.2ms)
Completed 200 OK in 65ms (Views: 58.7ms | ActiveRecord: 0.2ms)


Started GET "/products/5" for 127.0.0.1 at 2017-08-19 15:49:39 -0300
Processing by ProductsController#show as HTML
  Parameters: {"id"=>"5"}
  [1m[36mProduct Load (0.3ms)[0m  [1m[34mSELECT  "products".* FROM "products" WHERE "products"."id" = ? LIMIT ?[0m  [["id", 5], ["LIMIT", 1]]
  Rendering products/show.html.erb within layouts/application
  Rendered products/show.html.erb within layouts/application (3.4ms)
Completed 200 OK in 66ms (Views: 62.1ms | ActiveRecord: 0.3ms)


Started GET "/products/5" for 127.0.0.1 at 2017-08-19 15:52:13 -0300
Processing by ProductsController#show as HTML
  Parameters: {"id"=>"5"}
  [1m[36mProduct Load (0.2ms)[0m  [1m[34mSELECT  "products".* FROM "products" WHERE "products"."id" = ? LIMIT ?[0m  [["id", 5], ["LIMIT", 1]]
  Rendering products/show.html.erb within layouts/application
  Rendered products/show.html.erb within layouts/application (2.5ms)
Completed 200 OK in 76ms (Views: 72.6ms | ActiveRecord: 0.2ms)


Started GET "/products/5" for 127.0.0.1 at 2017-08-19 15:52:33 -0300
Processing by ProductsController#show as HTML
  Parameters: {"id"=>"5"}
  [1m[36mProduct Load (0.3ms)[0m  [1m[34mSELECT  "products".* FROM "products" WHERE "products"."id" = ? LIMIT ?[0m  [["id", 5], ["LIMIT", 1]]
  Rendering products/show.html.erb within layouts/application
  Rendered products/show.html.erb within layouts/application (18.4ms)
Completed 200 OK in 123ms (Views: 118.5ms | ActiveRecord: 0.3ms)


Started GET "/products/5" for 127.0.0.1 at 2017-08-19 15:55:34 -0300
Processing by ProductsController#show as HTML
  Parameters: {"id"=>"5"}
  [1m[36mProduct Load (0.3ms)[0m  [1m[34mSELECT  "products".* FROM "products" WHERE "products"."id" = ? LIMIT ?[0m  [["id", 5], ["LIMIT", 1]]
  Rendering products/show.html.erb within layouts/application
  Rendered products/show.html.erb within layouts/application (5.4ms)
Completed 200 OK in 89ms (Views: 78.3ms | ActiveRecord: 0.3ms)


Started GET "/products/5/edit" for 127.0.0.1 at 2017-08-19 15:55:59 -0300
Processing by ProductsController#edit as HTML
  Parameters: {"id"=>"5"}
  [1m[36mProduct Load (0.2ms)[0m  [1m[34mSELECT  "products".* FROM "products" WHERE "products"."id" = ? LIMIT ?[0m  [["id", 5], ["LIMIT", 1]]
  Rendering products/edit.html.erb within layouts/application
  Rendered products/_form.html.erb (11.3ms)
  Rendered products/edit.html.erb within layouts/application (14.8ms)
Completed 200 OK in 104ms (Views: 98.4ms | ActiveRecord: 0.2ms)


Started PATCH "/products/5" for 127.0.0.1 at 2017-08-19 15:56:04 -0300
Processing by ProductsController#update as HTML
  Parameters: {"utf8"=>"✓", "authenticity_token"=>"kAv5OnG8rkIaxdFHmQt52lyCr4FvX7VgyXkeQ1t5RUUmZ3udhXz+MNRwU4XabXhm8t5nnGRJPzJFrp5IMLqEzQ==", "product"=>{"name"=>"blusa", "quantity"=>"10", "cost_price"=>"15.0", "sell_price"=>"20.0", "status"=>"false"}, "commit"=>"Update Product", "id"=>"5"}
  [1m[36mProduct Load (0.2ms)[0m  [1m[34mSELECT  "products".* FROM "products" WHERE "products"."id" = ? LIMIT ?[0m  [["id", 5], ["LIMIT", 1]]
  [1m[35m (0.2ms)[0m  [1m[36mbegin transaction[0m
  [1m[35m (0.2ms)[0m  [1m[36mcommit transaction[0m
Redirected to http://localhost:3000/products/5
Completed 302 Found in 18ms (ActiveRecord: 0.6ms)


Started GET "/products/5" for 127.0.0.1 at 2017-08-19 15:56:04 -0300
Processing by ProductsController#show as HTML
  Parameters: {"id"=>"5"}
  [1m[36mProduct Load (0.4ms)[0m  [1m[34mSELECT  "products".* FROM "products" WHERE "products"."id" = ? LIMIT ?[0m  [["id", 5], ["LIMIT", 1]]
  Rendering products/show.html.erb within layouts/application
  Rendered products/show.html.erb within layouts/application (3.0ms)
Completed 200 OK in 71ms (Views: 67.1ms | ActiveRecord: 0.4ms)


Started GET "/products/5" for 127.0.0.1 at 2017-08-19 15:58:25 -0300
Processing by ProductsController#show as HTML
  Parameters: {"id"=>"5"}
  [1m[36mProduct Load (0.4ms)[0m  [1m[34mSELECT  "products".* FROM "products" WHERE "products"."id" = ? LIMIT ?[0m  [["id", 5], ["LIMIT", 1]]
  Rendering products/show.html.erb within layouts/application
  Rendered products/show.html.erb within layouts/application (2.4ms)
Completed 200 OK in 72ms (Views: 67.8ms | ActiveRecord: 0.4ms)


Started GET "/products/5" for 127.0.0.1 at 2017-08-19 15:59:23 -0300
Processing by ProductsController#show as HTML
  Parameters: {"id"=>"5"}
  [1m[36mProduct Load (0.3ms)[0m  [1m[34mSELECT  "products".* FROM "products" WHERE "products"."id" = ? LIMIT ?[0m  [["id", 5], ["LIMIT", 1]]
  Rendering products/show.html.erb within layouts/application
  Rendered products/show.html.erb within layouts/application (2.2ms)
Completed 200 OK in 71ms (Views: 63.8ms | ActiveRecord: 0.3ms)


